 WARN [2015-06-19 20:58:30,946] (ProjectAddEvaluator.java:visit:75) - Unable to add skip builder flag to added project 'P/RemoteSystemsTempFiles': Resource '/RemoteSystemsTempFiles' is not open. Cause:
 (1) Resource '/RemoteSystemsTempFiles' is not open.
 WARN [2015-06-19 20:58:30,969] (ProjectAddEvaluator.java:visit:90) - Unable to add skip builder flag to added project 'P/RemoteSystemsTempFiles': Resource '/RemoteSystemsTempFiles' is not open. Cause:
 (1) Resource '/RemoteSystemsTempFiles' is not open.
 WARN [2015-06-19 21:58:19,263] (ConnectionFactory.java:clearCache:209) - No cached connections
 WARN [2015-06-19 21:58:19,450] (DescribeObjectRegistry.java:clearCache:654) - No cached describes
 WARN [2015-06-19 21:58:19,458] (MetadataFactory.java:clearCache:120) - No cached metadata stubs
 WARN [2015-06-19 22:06:10,249] (ConnectionFactory.java:clearCache:209) - No cached connections
 WARN [2015-06-19 22:06:10,268] (DescribeObjectRegistry.java:clearCache:654) - No cached describes
 WARN [2015-06-19 22:06:10,274] (MetadataFactory.java:clearCache:120) - No cached metadata stubs
 WARN [2015-06-19 22:08:08,437] (ConnectionFactory.java:clearCache:209) - No cached connections
 WARN [2015-06-19 22:08:08,457] (DescribeObjectRegistry.java:clearCache:654) - No cached describes
 WARN [2015-06-19 22:08:08,463] (MetadataFactory.java:clearCache:120) - No cached metadata stubs
 WARN [2015-06-19 22:09:48,616] (ConnectionFactory.java:clearCache:209) - No cached connections
 WARN [2015-06-19 22:09:48,642] (DescribeObjectRegistry.java:clearCache:654) - No cached describes
 WARN [2015-06-19 22:09:48,649] (MetadataFactory.java:clearCache:120) - No cached metadata stubs
 WARN [2015-06-19 22:13:36,725] (ConnectionFactory.java:clearCache:209) - No cached connections
 WARN [2015-06-19 22:13:36,742] (DescribeObjectRegistry.java:clearCache:654) - No cached describes
 WARN [2015-06-19 22:13:36,749] (MetadataFactory.java:clearCache:120) - No cached metadata stubs
 WARN [2015-06-26 19:06:14,718] (ConnectionFactory.java:clearCache:209) - No cached connections
 WARN [2015-06-26 19:06:15,109] (DescribeObjectRegistry.java:clearCache:654) - No cached describes
 WARN [2015-06-26 19:06:15,120] (MetadataFactory.java:clearCache:120) - No cached metadata stubs
 WARN [2015-06-29 17:19:48,370] (ConnectionFactory.java:clearCache:209) - No cached connections
 WARN [2015-06-29 17:19:56,622] (DescribeObjectRegistry.java:clearCache:654) - No cached describes
 WARN [2015-06-29 17:19:56,626] (MetadataFactory.java:clearCache:120) - No cached metadata stubs
 WARN [2015-06-29 18:04:58,101] (ConnectionFactory.java:clearCache:209) - No cached connections
 WARN [2015-06-29 18:04:58,308] (DescribeObjectRegistry.java:clearCache:654) - No cached describes
 WARN [2015-06-29 18:04:58,313] (MetadataFactory.java:clearCache:120) - No cached metadata stubs
 WARN [2015-07-06 17:54:47,653] (ConnectionFactory.java:clearCache:209) - No cached connections
 WARN [2015-07-06 17:54:54,740] (DescribeObjectRegistry.java:clearCache:654) - No cached describes
 WARN [2015-07-06 17:54:54,766] (MetadataFactory.java:clearCache:120) - No cached metadata stubs
 WARN [2015-07-07 20:32:59,713] (ConnectionFactory.java:clearCache:209) - No cached connections
 WARN [2015-07-07 20:33:02,793] (DescribeObjectRegistry.java:clearCache:654) - No cached describes
 WARN [2015-07-07 20:33:02,799] (MetadataFactory.java:clearCache:120) - No cached metadata stubs
